<?xml version="1.0" encoding="UTF-8" ?>
<testsuite failures="0" time="0" errors="0" skipped="0" tests="3" name="soumyavn.store.SalesTax.catalog.TaxableProductTest">
  <properties>
[...]
</properties>
  <testcase time="0" classname="soumyavn.store.SalesTax.catalog.TaxableProductTest" name="testCalcTotalPrice"/>
  <testcase time="0" classname="soumyavn.store.SalesTax.catalog.TaxableProductTest" name="testCalcTax"/>
  <testcase time="0" classname="soumyavn.store.SalesTax.catalog.TaxableProductTest" name="testCalcSalesTax"/>
</testsuite>